<?xml version="1.0" encoding="UTF-8"?>
<!-- Generated by org.testng.reporters.JUnitReportReporter -->
<testsuite hostname="rkagrawal-PC" name="SampleTest" tests="2" failures="0" timestamp="3 Jan 2016 08:44:47 GMT" time="0.112" errors="0">
  <testcase name="testLogin" time="0.005" classname="SampleTest"/>
  <testcase name="testApp" time="0.107" classname="SampleTest"/>
</testsuite> <!-- SampleTest -->
